This file contains any messages produced by compilers while
running configure, to aid debugging if configure makes a mistake.

It was created by mesos configure 0.28.0, which was
generated by GNU Autoconf 2.69.  Invocation command line was

  $ ./configure 

## --------- ##
## Platform. ##
## --------- ##

hostname = Georgys-MacBook-Air.local
uname -m = x86_64
uname -r = 14.5.0
uname -s = Darwin
uname -v = Darwin Kernel Version 14.5.0: Tue Sep  1 21:23:09 PDT 2015; root:xnu-2782.50.1~1/RELEASE_X86_64

/usr/bin/uname -p = i386
/bin/uname -X     = unknown

/bin/arch              = unknown
/usr/bin/arch -k       = unknown
/usr/convex/getsysinfo = unknown
/usr/bin/hostinfo      = Mach kernel version:
	 Darwin Kernel Version 14.5.0: Tue Sep  1 21:23:09 PDT 2015; root:xnu-2782.50.1~1/RELEASE_X86_64
Kernel configured for up to 8 processors.
4 processors are physically available.
8 processors are logically available.
Processor type: x86_64h (Intel x86-64h Haswell)
Processors active: 0 1 2 3 4 5 6 7
Primary memory available: 16.00 gigabytes
Default processor set: 307 tasks, 1689 threads, 8 processors
Load average: 2.79, Mach factor: 5.20
/bin/machine           = unknown
/usr/bin/oslevel       = unknown
/bin/universe          = unknown

PATH: /opt/local/bin
PATH: /opt/local/sbin
PATH: /opt/local/bin
PATH: /opt/local/sbin
PATH: /opt/local/bin
PATH: /opt/local/sbin
PATH: /opt/local/bin
PATH: /opt/local/sbin
PATH: /usr/local/bin
PATH: /usr/bin
PATH: /bin
PATH: /usr/sbin
PATH: /sbin
PATH: /opt/X11/bin
PATH: /Library/TeX/texbin


## ----------- ##
## Core tests. ##
## ----------- ##

configure:2791: checking build system type
configure:2805: result: x86_64-apple-darwin14.5.0
configure:2825: checking host system type
configure:2838: result: x86_64-apple-darwin14.5.0
configure:2859: checking target system type
configure:2872: result: x86_64-apple-darwin14.5.0
configure:2958: checking for a BSD-compatible install
configure:3026: result: /usr/bin/install -c
configure:3037: checking whether build environment is sane
configure:3092: result: yes
configure:3243: checking for a thread-safe mkdir -p
configure:3282: result: ./install-sh -c -d
configure:3289: checking for gawk
configure:3319: result: no
configure:3289: checking for mawk
configure:3319: result: no
configure:3289: checking for nawk
configure:3319: result: no
configure:3289: checking for awk
configure:3305: found /usr/bin/awk
configure:3316: result: awk
configure:3327: checking whether make sets $(MAKE)
configure:3349: result: yes
configure:3378: checking whether make supports nested variables
configure:3395: result: yes
configure:3522: checking whether to enable maintainer-specific portions of Makefiles
configure:3531: result: yes
configure:3558: checking for style of include used by make
configure:3586: result: GNU
configure:3657: checking for gcc
configure:3673: found /usr/bin/gcc
configure:3684: result: gcc
configure:3913: checking for C compiler version
configure:3922: gcc --version >&5
Apple LLVM version 7.0.2 (clang-700.1.81)
Target: x86_64-apple-darwin14.5.0
Thread model: posix
Configured with: --prefix=/Applications/Xcode.app/Contents/Developer/usr --with-gxx-include-dir=/Applications/Xcode.app/Contents/Developer/Platforms/MacOSX.platform/Developer/SDKs/MacOSX10.11.sdk/usr/include/c++/4.2.1
configure:3933: $? = 0
configure:3922: gcc -v >&5
Configured with: --prefix=/Applications/Xcode.app/Contents/Developer/usr --with-gxx-include-dir=/Applications/Xcode.app/Contents/Developer/Platforms/MacOSX.platform/Developer/SDKs/MacOSX10.11.sdk/usr/include/c++/4.2.1
Apple LLVM version 7.0.2 (clang-700.1.81)
Target: x86_64-apple-darwin14.5.0
Thread model: posix
configure:3933: $? = 0
configure:3922: gcc -V >&5
clang: error: argument to '-V' is missing (expected 1 value)
clang: error: no input files
configure:3933: $? = 1
configure:3922: gcc -qversion >&5
clang: error: unknown argument: '-qversion'
clang: error: no input files
configure:3933: $? = 1
configure:3953: checking whether the C compiler works
configure:3975: gcc    conftest.c  >&5
configure:3979: $? = 0
configure:4027: result: yes
configure:4030: checking for C compiler default output file name
configure:4032: result: a.out
configure:4038: checking for suffix of executables
configure:4045: gcc -o conftest    conftest.c  >&5
configure:4049: $? = 0
configure:4071: result: 
configure:4093: checking whether we are cross compiling
configure:4101: gcc -o conftest    conftest.c  >&5
configure:4105: $? = 0
configure:4112: ./conftest
configure:4116: $? = 0
configure:4131: result: no
configure:4136: checking for suffix of object files
configure:4158: gcc -c   conftest.c >&5
configure:4162: $? = 0
configure:4183: result: o
configure:4187: checking whether we are using the GNU C compiler
configure:4206: gcc -c   conftest.c >&5
configure:4206: $? = 0
configure:4215: result: yes
configure:4224: checking whether gcc accepts -g
configure:4244: gcc -c -g  conftest.c >&5
configure:4244: $? = 0
configure:4285: result: yes
configure:4302: checking for gcc option to accept ISO C89
configure:4365: gcc  -c -g -O2  conftest.c >&5
configure:4365: $? = 0
configure:4378: result: none needed
configure:4403: checking whether gcc understands -c and -o together
configure:4425: gcc -c conftest.c -o conftest2.o
configure:4428: $? = 0
configure:4425: gcc -c conftest.c -o conftest2.o
configure:4428: $? = 0
configure:4440: result: yes
configure:4459: checking dependency style of gcc
configure:4570: result: gcc3
configure:4635: checking for ar
configure:4651: found /usr/bin/ar
configure:4662: result: ar
configure:4688: checking the archiver (ar) interface
configure:4704: gcc -c -g -O2  conftest.c >&5
configure:4704: $? = 0
configure:4706: ar cru libconftest.a conftest.o >&5
configure:4709: $? = 0
configure:4737: result: ar
configure:4807: checking how to print strings
configure:4834: result: printf
configure:4855: checking for a sed that does not truncate output
configure:4919: result: /usr/bin/sed
configure:4937: checking for grep that handles long lines and -e
configure:4995: result: /usr/bin/grep
configure:5000: checking for egrep
configure:5062: result: /usr/bin/grep -E
configure:5067: checking for fgrep
configure:5129: result: /usr/bin/grep -F
configure:5164: checking for ld used by gcc
configure:5231: result: /Applications/Xcode.app/Contents/Developer/Toolchains/XcodeDefault.xctoolchain/usr/bin/ld
configure:5238: checking if the linker (/Applications/Xcode.app/Contents/Developer/Toolchains/XcodeDefault.xctoolchain/usr/bin/ld) is GNU ld
configure:5253: result: no
configure:5265: checking for BSD- or MS-compatible name lister (nm)
configure:5319: result: /usr/bin/nm
configure:5449: checking the name lister (/usr/bin/nm) interface
configure:5456:  -c   conftest.cpp >&5
./configure: line 5457: -c: command not found
configure:5459: /usr/bin/nm "conftest.o"
error: /Applications/Xcode.app/Contents/Developer/Toolchains/XcodeDefault.xctoolchain/usr/bin/nm: can't open file: conftest.o (No such file or directory)
configure:5462: output
configure:5469: result: BSD nm
configure:5472: checking whether ln -s works
configure:5476: result: yes
configure:5484: checking the maximum length of command line arguments
configure:5615: result: 196608
configure:5663: checking how to convert x86_64-apple-darwin14.5.0 file names to x86_64-apple-darwin14.5.0 format
configure:5703: result: func_convert_file_noop
configure:5710: checking how to convert x86_64-apple-darwin14.5.0 file names to toolchain format
configure:5730: result: func_convert_file_noop
configure:5737: checking for /Applications/Xcode.app/Contents/Developer/Toolchains/XcodeDefault.xctoolchain/usr/bin/ld option to reload object files
configure:5744: result: -r
configure:5818: checking for objdump
configure:5848: result: no
configure:5877: checking how to recognize dependent libraries
configure:6077: result: pass_all
configure:6162: checking for dlltool
configure:6192: result: no
configure:6222: checking how to associate runtime and link libraries
configure:6249: result: printf %s\n
configure:6318: checking for g++
configure:6334: found /usr/bin/g++
configure:6345: result: g++
configure:6372: checking for C++ compiler version
configure:6381: g++ --version >&5
Apple LLVM version 7.0.2 (clang-700.1.81)
Target: x86_64-apple-darwin14.5.0
Thread model: posix
Configured with: --prefix=/Applications/Xcode.app/Contents/Developer/usr --with-gxx-include-dir=/Applications/Xcode.app/Contents/Developer/Platforms/MacOSX.platform/Developer/SDKs/MacOSX10.11.sdk/usr/include/c++/4.2.1
configure:6392: $? = 0
configure:6381: g++ -v >&5
Configured with: --prefix=/Applications/Xcode.app/Contents/Developer/usr --with-gxx-include-dir=/Applications/Xcode.app/Contents/Developer/Platforms/MacOSX.platform/Developer/SDKs/MacOSX10.11.sdk/usr/include/c++/4.2.1
Apple LLVM version 7.0.2 (clang-700.1.81)
Target: x86_64-apple-darwin14.5.0
Thread model: posix
configure:6392: $? = 0
configure:6381: g++ -V >&5
clang: error: argument to '-V' is missing (expected 1 value)
clang: error: no input files
configure:6392: $? = 1
configure:6381: g++ -qversion >&5
clang: error: unknown argument: '-qversion'
clang: error: no input files
configure:6392: $? = 1
configure:6396: checking whether we are using the GNU C++ compiler
configure:6415: g++ -c   conftest.cpp >&5
configure:6415: $? = 0
configure:6424: result: yes
configure:6433: checking whether g++ accepts -g
configure:6453: g++ -c -g  conftest.cpp >&5
configure:6453: $? = 0
configure:6494: result: yes
configure:6519: checking dependency style of g++
configure:6630: result: gcc3
configure:6759: checking for archiver @FILE support
configure:6776: g++ -c -g -O2  conftest.cpp >&5
configure:6776: $? = 0
configure:6779: ar cru libconftest.a @conftest.lst >&5
ar: @conftest.lst: No such file or directory
configure:6782: $? = 1
configure:6802: result: no
configure:6860: checking for strip
configure:6876: found /usr/bin/strip
configure:6887: result: strip
configure:6959: checking for ranlib
configure:6975: found /usr/bin/ranlib
configure:6986: result: ranlib
configure:7088: checking command to parse /usr/bin/nm output from gcc object
configure:7241: g++ -c -g -O2  conftest.cpp >&5
configure:7244: $? = 0
configure:7248: /usr/bin/nm conftest.o \| sed -n -e 's/^.*[ ]\([BCDEGRST][BCDEGRST]*\)[ ][ ]*\([_A-Za-z][_A-Za-z0-9]*\)$/\1 \2 \2/p' | sed '/ __gnu_lto/d' \> conftest.nm
configure:7251: $? = 0
cannot find nm_test_var in conftest.nm
configure:7241: g++ -c -g -O2  conftest.cpp >&5
configure:7244: $? = 0
configure:7248: /usr/bin/nm conftest.o \| sed -n -e 's/^.*[ ]\([BCDEGRST][BCDEGRST]*\)[ ][ ]*_\([_A-Za-z][_A-Za-z0-9]*\)$/\1 _\2 \2/p' | sed '/ __gnu_lto/d' \> conftest.nm
configure:7251: $? = 0
configure:7317: g++ -o conftest -g -O2   conftest.cpp conftstm.o >&5
configure:7320: $? = 0
configure:7358: result: ok
configure:7405: checking for sysroot
configure:7435: result: no
configure:7442: checking for a working dd
configure:7480: result: /bin/dd
configure:7484: checking how to truncate binary pipes
configure:7499: result: /bin/dd bs=4096 count=1
configure:7828: checking for mt
configure:7858: result: no
configure:7878: checking if : is a manifest tool
configure:7884: : '-?'
configure:7892: result: no
configure:7948: checking for dsymutil
configure:7964: found /usr/bin/dsymutil
configure:7975: result: dsymutil
configure:8040: checking for nmedit
configure:8056: found /usr/bin/nmedit
configure:8067: result: nmedit
configure:8132: checking for lipo
configure:8148: found /usr/bin/lipo
configure:8159: result: lipo
configure:8224: checking for otool
configure:8240: found /usr/bin/otool
configure:8251: result: otool
configure:8316: checking for otool64
configure:8346: result: no
configure:8391: checking for -single_module linker flag
gcc -g -O2  -o libconftest.dylib -dynamiclib -Wl,-single_module conftest.c
configure:8424: result: yes
configure:8427: checking for -exported_symbols_list linker flag
configure:8447: g++ -o conftest -g -O2   -Wl,-exported_symbols_list,conftest.sym conftest.cpp  >&5
configure:8447: $? = 0
configure:8457: result: yes
configure:8460: checking for -force_load linker flag
gcc -g -O2 -c -o conftest.o conftest.c
ar cru libconftest.a conftest.o
ranlib libconftest.a
gcc -g -O2  -o conftest conftest.c -Wl,-force_load,./libconftest.a
configure:8492: result: yes
configure:8569: checking how to run the C preprocessor
configure:8600: gcc -E  conftest.c
configure:8600: $? = 0
configure:8614: gcc -E  conftest.c
conftest.c:11:10: fatal error: 'ac_nonexistent.h' file not found
#include <ac_nonexistent.h>
         ^
1 error generated.
configure:8614: $? = 1
configure: failed program was:
| /* confdefs.h */
| #define PACKAGE_NAME "mesos"
| #define PACKAGE_TARNAME "mesos"
| #define PACKAGE_VERSION "0.28.0"
| #define PACKAGE_STRING "mesos 0.28.0"
| #define PACKAGE_BUGREPORT ""
| #define PACKAGE_URL ""
| #define PACKAGE "mesos"
| #define VERSION "0.28.0"
| /* end confdefs.h.  */
| #include <ac_nonexistent.h>
configure:8639: result: gcc -E
configure:8659: gcc -E  conftest.c
configure:8659: $? = 0
configure:8673: gcc -E  conftest.c
conftest.c:11:10: fatal error: 'ac_nonexistent.h' file not found
#include <ac_nonexistent.h>
         ^
1 error generated.
configure:8673: $? = 1
configure: failed program was:
| /* confdefs.h */
| #define PACKAGE_NAME "mesos"
| #define PACKAGE_TARNAME "mesos"
| #define PACKAGE_VERSION "0.28.0"
| #define PACKAGE_STRING "mesos 0.28.0"
| #define PACKAGE_BUGREPORT ""
| #define PACKAGE_URL ""
| #define PACKAGE "mesos"
| #define VERSION "0.28.0"
| /* end confdefs.h.  */
| #include <ac_nonexistent.h>
configure:8702: checking for ANSI C header files
configure:8722: gcc -c -g -O2  conftest.c >&5
configure:8722: $? = 0
configure:8795: gcc -o conftest -g -O2   conftest.c  >&5
configure:8795: $? = 0
configure:8795: ./conftest
configure:8795: $? = 0
configure:8806: result: yes
configure:8819: checking for sys/types.h
configure:8819: gcc -c -g -O2  conftest.c >&5
configure:8819: $? = 0
configure:8819: result: yes
configure:8819: checking for sys/stat.h
configure:8819: gcc -c -g -O2  conftest.c >&5
configure:8819: $? = 0
configure:8819: result: yes
configure:8819: checking for stdlib.h
configure:8819: gcc -c -g -O2  conftest.c >&5
configure:8819: $? = 0
configure:8819: result: yes
configure:8819: checking for string.h
configure:8819: gcc -c -g -O2  conftest.c >&5
configure:8819: $? = 0
configure:8819: result: yes
configure:8819: checking for memory.h
configure:8819: gcc -c -g -O2  conftest.c >&5
configure:8819: $? = 0
configure:8819: result: yes
configure:8819: checking for strings.h
configure:8819: gcc -c -g -O2  conftest.c >&5
configure:8819: $? = 0
configure:8819: result: yes
configure:8819: checking for inttypes.h
configure:8819: gcc -c -g -O2  conftest.c >&5
configure:8819: $? = 0
configure:8819: result: yes
configure:8819: checking for stdint.h
configure:8819: gcc -c -g -O2  conftest.c >&5
configure:8819: $? = 0
configure:8819: result: yes
configure:8819: checking for unistd.h
configure:8819: gcc -c -g -O2  conftest.c >&5
configure:8819: $? = 0
configure:8819: result: yes
configure:8833: checking for dlfcn.h
configure:8833: gcc -c -g -O2  conftest.c >&5
configure:8833: $? = 0
configure:8833: result: yes
configure:9069: checking for objdir
configure:9084: result: .libs
configure:9348: checking if gcc supports -fno-rtti -fno-exceptions
configure:9366: gcc -c -g -O2  -fno-rtti -fno-exceptions conftest.c >&5
configure:9370: $? = 0
configure:9383: result: yes
configure:9741: checking for gcc option to produce PIC
configure:9748: result: -fno-common -DPIC
configure:9756: checking if gcc PIC flag -fno-common -DPIC works
configure:9774: gcc -c -g -O2  -fno-common -DPIC -DPIC conftest.c >&5
configure:9778: $? = 0
configure:9791: result: yes
configure:9820: checking if gcc static flag -static works
configure:9848: result: no
configure:9863: checking if gcc supports -c -o file.o
configure:9884: gcc -c -g -O2  -o out/conftest2.o conftest.c >&5
configure:9888: $? = 0
configure:9910: result: yes
configure:9918: checking if gcc supports -c -o file.o
configure:9965: result: yes
configure:9998: checking whether the gcc linker (/Applications/Xcode.app/Contents/Developer/Toolchains/XcodeDefault.xctoolchain/usr/bin/ld) supports shared libraries
configure:11257: result: yes
configure:11497: checking dynamic linker characteristics
configure:12315: result: darwin14.5.0 dyld
configure:12437: checking how to hardcode library paths into programs
configure:12462: result: immediate
configure:13010: checking whether stripping libraries is possible
configure:13024: result: yes
configure:13050: checking if libtool supports shared libraries
configure:13052: result: yes
configure:13055: checking whether to build shared libraries
configure:13080: result: yes
configure:13083: checking whether to build static libraries
configure:13087: result: no
configure:13110: checking how to run the C++ preprocessor
configure:13137: g++ -E  conftest.cpp
configure:13137: $? = 0
configure:13151: g++ -E  conftest.cpp
conftest.cpp:23:10: fatal error: 'ac_nonexistent.h' file not found
#include <ac_nonexistent.h>
         ^
1 error generated.
configure:13151: $? = 1
configure: failed program was:
| /* confdefs.h */
| #define PACKAGE_NAME "mesos"
| #define PACKAGE_TARNAME "mesos"
| #define PACKAGE_VERSION "0.28.0"
| #define PACKAGE_STRING "mesos 0.28.0"
| #define PACKAGE_BUGREPORT ""
| #define PACKAGE_URL ""
| #define PACKAGE "mesos"
| #define VERSION "0.28.0"
| #define STDC_HEADERS 1
| #define HAVE_SYS_TYPES_H 1
| #define HAVE_SYS_STAT_H 1
| #define HAVE_STDLIB_H 1
| #define HAVE_STRING_H 1
| #define HAVE_MEMORY_H 1
| #define HAVE_STRINGS_H 1
| #define HAVE_INTTYPES_H 1
| #define HAVE_STDINT_H 1
| #define HAVE_UNISTD_H 1
| #define HAVE_DLFCN_H 1
| #define LT_OBJDIR ".libs/"
| /* end confdefs.h.  */
| #include <ac_nonexistent.h>
configure:13176: result: g++ -E
configure:13196: g++ -E  conftest.cpp
configure:13196: $? = 0
configure:13210: g++ -E  conftest.cpp
conftest.cpp:23:10: fatal error: 'ac_nonexistent.h' file not found
#include <ac_nonexistent.h>
         ^
1 error generated.
configure:13210: $? = 1
configure: failed program was:
| /* confdefs.h */
| #define PACKAGE_NAME "mesos"
| #define PACKAGE_TARNAME "mesos"
| #define PACKAGE_VERSION "0.28.0"
| #define PACKAGE_STRING "mesos 0.28.0"
| #define PACKAGE_BUGREPORT ""
| #define PACKAGE_URL ""
| #define PACKAGE "mesos"
| #define VERSION "0.28.0"
| #define STDC_HEADERS 1
| #define HAVE_SYS_TYPES_H 1
| #define HAVE_SYS_STAT_H 1
| #define HAVE_STDLIB_H 1
| #define HAVE_STRING_H 1
| #define HAVE_MEMORY_H 1
| #define HAVE_STRINGS_H 1
| #define HAVE_INTTYPES_H 1
| #define HAVE_STDINT_H 1
| #define HAVE_UNISTD_H 1
| #define HAVE_DLFCN_H 1
| #define LT_OBJDIR ".libs/"
| /* end confdefs.h.  */
| #include <ac_nonexistent.h>
configure:13372: checking for ld used by g++
configure:13439: result: /Applications/Xcode.app/Contents/Developer/Toolchains/XcodeDefault.xctoolchain/usr/bin/ld
configure:13446: checking if the linker (/Applications/Xcode.app/Contents/Developer/Toolchains/XcodeDefault.xctoolchain/usr/bin/ld) is GNU ld
configure:13461: result: no
configure:13516: checking whether the g++ linker (/Applications/Xcode.app/Contents/Developer/Toolchains/XcodeDefault.xctoolchain/usr/bin/ld) supports shared libraries
configure:14589: result: yes
configure:14625: g++ -c -g -O2  conftest.cpp >&5
configure:14628: $? = 0
configure:15109: checking for g++ option to produce PIC
configure:15116: result: -fno-common -DPIC
configure:15124: checking if g++ PIC flag -fno-common -DPIC works
configure:15142: g++ -c -g -O2  -fno-common -DPIC -DPIC conftest.cpp >&5
configure:15146: $? = 0
configure:15159: result: yes
configure:15182: checking if g++ static flag -static works
configure:15210: result: no
configure:15222: checking if g++ supports -c -o file.o
configure:15243: g++ -c -g -O2  -o out/conftest2.o conftest.cpp >&5
configure:15247: $? = 0
configure:15269: result: yes
configure:15274: checking if g++ supports -c -o file.o
configure:15321: result: yes
configure:15351: checking whether the g++ linker (/Applications/Xcode.app/Contents/Developer/Toolchains/XcodeDefault.xctoolchain/usr/bin/ld) supports shared libraries
configure:15391: result: yes
configure:15532: checking dynamic linker characteristics
configure:16277: result: darwin14.5.0 dyld
configure:16342: checking how to hardcode library paths into programs
configure:16367: result: immediate
configure:16430: creating ./config.lt

## ------------------ ##
## Running config.lt. ##
## ------------------ ##
config.lt:680: creating libtool
configure:18288: Setting up build environment for x86_64 darwin14.5.0
configure:18440: checking for C++ compiler version
configure:18449: g++ --version >&5
Apple LLVM version 7.0.2 (clang-700.1.81)
Target: x86_64-apple-darwin14.5.0
Thread model: posix
Configured with: --prefix=/Applications/Xcode.app/Contents/Developer/usr --with-gxx-include-dir=/Applications/Xcode.app/Contents/Developer/Platforms/MacOSX.platform/Developer/SDKs/MacOSX10.11.sdk/usr/include/c++/4.2.1
configure:18460: $? = 0
configure:18449: g++ -v >&5
Configured with: --prefix=/Applications/Xcode.app/Contents/Developer/usr --with-gxx-include-dir=/Applications/Xcode.app/Contents/Developer/Platforms/MacOSX.platform/Developer/SDKs/MacOSX10.11.sdk/usr/include/c++/4.2.1
Apple LLVM version 7.0.2 (clang-700.1.81)
Target: x86_64-apple-darwin14.5.0
Thread model: posix
configure:18460: $? = 0
configure:18449: g++ -V >&5
clang: error: argument to '-V' is missing (expected 1 value)
clang: error: no input files
configure:18460: $? = 1
configure:18449: g++ -qversion >&5
clang: error: unknown argument: '-qversion'
clang: error: no input files
configure:18460: $? = 1
configure:18464: checking whether we are using the GNU C++ compiler
configure:18492: result: yes
configure:18501: checking whether g++ accepts -g
configure:18562: result: yes
configure:18587: checking dependency style of g++
configure:18698: result: gcc3
configure:18825: checking for C compiler version
configure:18834: gcc --version >&5
Apple LLVM version 7.0.2 (clang-700.1.81)
Target: x86_64-apple-darwin14.5.0
Thread model: posix
Configured with: --prefix=/Applications/Xcode.app/Contents/Developer/usr --with-gxx-include-dir=/Applications/Xcode.app/Contents/Developer/Platforms/MacOSX.platform/Developer/SDKs/MacOSX10.11.sdk/usr/include/c++/4.2.1
configure:18845: $? = 0
configure:18834: gcc -v >&5
Configured with: --prefix=/Applications/Xcode.app/Contents/Developer/usr --with-gxx-include-dir=/Applications/Xcode.app/Contents/Developer/Platforms/MacOSX.platform/Developer/SDKs/MacOSX10.11.sdk/usr/include/c++/4.2.1
Apple LLVM version 7.0.2 (clang-700.1.81)
Target: x86_64-apple-darwin14.5.0
Thread model: posix
configure:18845: $? = 0
configure:18834: gcc -V >&5
clang: error: argument to '-V' is missing (expected 1 value)
clang: error: no input files
configure:18845: $? = 1
configure:18834: gcc -qversion >&5
clang: error: unknown argument: '-qversion'
clang: error: no input files
configure:18845: $? = 1
configure:18849: checking whether we are using the GNU C compiler
configure:18877: result: yes
configure:18886: checking whether gcc accepts -g
configure:18947: result: yes
configure:18964: checking for gcc option to accept ISO C89
configure:19040: result: none needed
configure:19065: checking whether gcc understands -c and -o together
configure:19102: result: yes
configure:19121: checking dependency style of gcc
configure:19232: result: gcc3
configure:19248: checking whether ln -s works
configure:19252: result: yes
configure:19260: checking for C++ compiler vendor
configure:19307: g++ -c -g -O2  conftest.cpp >&5
conftest.cpp:29:9: error: use of undeclared identifier 'thisisanerror'
        thisisanerror;
        ^
1 error generated.
configure:19307: $? = 1
configure: failed program was:
| /* confdefs.h */
| #define PACKAGE_NAME "mesos"
| #define PACKAGE_TARNAME "mesos"
| #define PACKAGE_VERSION "0.28.0"
| #define PACKAGE_STRING "mesos 0.28.0"
| #define PACKAGE_BUGREPORT ""
| #define PACKAGE_URL ""
| #define PACKAGE "mesos"
| #define VERSION "0.28.0"
| #define STDC_HEADERS 1
| #define HAVE_SYS_TYPES_H 1
| #define HAVE_SYS_STAT_H 1
| #define HAVE_STDLIB_H 1
| #define HAVE_STRING_H 1
| #define HAVE_MEMORY_H 1
| #define HAVE_STRINGS_H 1
| #define HAVE_INTTYPES_H 1
| #define HAVE_STDINT_H 1
| #define HAVE_UNISTD_H 1
| #define HAVE_DLFCN_H 1
| #define LT_OBJDIR ".libs/"
| /* end confdefs.h.  */
| 
| int
| main ()
| {
| 
|       #if !(defined(__ICC) || defined(__ECC) || defined(__INTEL_COMPILER))
|         thisisanerror;
|       #endif
| 
|   ;
|   return 0;
| }
configure:19307: g++ -c -g -O2  conftest.cpp >&5
conftest.cpp:29:9: error: use of undeclared identifier 'thisisanerror'
        thisisanerror;
        ^
1 error generated.
configure:19307: $? = 1
configure: failed program was:
| /* confdefs.h */
| #define PACKAGE_NAME "mesos"
| #define PACKAGE_TARNAME "mesos"
| #define PACKAGE_VERSION "0.28.0"
| #define PACKAGE_STRING "mesos 0.28.0"
| #define PACKAGE_BUGREPORT ""
| #define PACKAGE_URL ""
| #define PACKAGE "mesos"
| #define VERSION "0.28.0"
| #define STDC_HEADERS 1
| #define HAVE_SYS_TYPES_H 1
| #define HAVE_SYS_STAT_H 1
| #define HAVE_STDLIB_H 1
| #define HAVE_STRING_H 1
| #define HAVE_MEMORY_H 1
| #define HAVE_STRINGS_H 1
| #define HAVE_INTTYPES_H 1
| #define HAVE_STDINT_H 1
| #define HAVE_UNISTD_H 1
| #define HAVE_DLFCN_H 1
| #define LT_OBJDIR ".libs/"
| /* end confdefs.h.  */
| 
| int
| main ()
| {
| 
|       #if !(defined(__xlc__) || defined(__xlC__) || defined(__IBMC__) || defined(__IBMCPP__))
|         thisisanerror;
|       #endif
| 
|   ;
|   return 0;
| }
configure:19307: g++ -c -g -O2  conftest.cpp >&5
conftest.cpp:29:9: error: use of undeclared identifier 'thisisanerror'
        thisisanerror;
        ^
1 error generated.
configure:19307: $? = 1
configure: failed program was:
| /* confdefs.h */
| #define PACKAGE_NAME "mesos"
| #define PACKAGE_TARNAME "mesos"
| #define PACKAGE_VERSION "0.28.0"
| #define PACKAGE_STRING "mesos 0.28.0"
| #define PACKAGE_BUGREPORT ""
| #define PACKAGE_URL ""
| #define PACKAGE "mesos"
| #define VERSION "0.28.0"
| #define STDC_HEADERS 1
| #define HAVE_SYS_TYPES_H 1
| #define HAVE_SYS_STAT_H 1
| #define HAVE_STDLIB_H 1
| #define HAVE_STRING_H 1
| #define HAVE_MEMORY_H 1
| #define HAVE_STRINGS_H 1
| #define HAVE_INTTYPES_H 1
| #define HAVE_STDINT_H 1
| #define HAVE_UNISTD_H 1
| #define HAVE_DLFCN_H 1
| #define LT_OBJDIR ".libs/"
| /* end confdefs.h.  */
| 
| int
| main ()
| {
| 
|       #if !(defined(__PATHCC__) || defined(__PATHSCALE__))
|         thisisanerror;
|       #endif
| 
|   ;
|   return 0;
| }
configure:19307: g++ -c -g -O2  conftest.cpp >&5
configure:19307: $? = 0
configure:19315: result: clang
configure:19320: checking for C++ compiler version
configure:19480: g++ -o conftest -g -O2   conftest.cpp  >&5
configure:19480: $? = 0
configure:19480: ./conftest
configure:19480: $? = 0
configure:19489: g++ -o conftest -g -O2   conftest.cpp  >&5
configure:19489: $? = 0
configure:19489: ./conftest
configure:19489: $? = 0
configure:19498: g++ -o conftest -g -O2   conftest.cpp  >&5
configure:19498: $? = 0
configure:19498: ./conftest
configure:19498: $? = 0
configure:20225: result: 7.0.2
configure:20228: checking for C++ compiler vendor
configure:20283: result: clang
configure:20629: checking for main in -lgflags
configure:20648: g++ -o conftest -g1 -O0   conftest.cpp -lgflags   >&5
ld: library not found for -lgflags
clang: error: linker command failed with exit code 1 (use -v to see invocation)
configure:20648: $? = 1
configure: failed program was:
| /* confdefs.h */
| #define PACKAGE_NAME "mesos"
| #define PACKAGE_TARNAME "mesos"
| #define PACKAGE_VERSION "0.28.0"
| #define PACKAGE_STRING "mesos 0.28.0"
| #define PACKAGE_BUGREPORT ""
| #define PACKAGE_URL ""
| #define PACKAGE "mesos"
| #define VERSION "0.28.0"
| #define STDC_HEADERS 1
| #define HAVE_SYS_TYPES_H 1
| #define HAVE_SYS_STAT_H 1
| #define HAVE_STDLIB_H 1
| #define HAVE_STRING_H 1
| #define HAVE_MEMORY_H 1
| #define HAVE_STRINGS_H 1
| #define HAVE_INTTYPES_H 1
| #define HAVE_STDINT_H 1
| #define HAVE_UNISTD_H 1
| #define HAVE_DLFCN_H 1
| #define LT_OBJDIR ".libs/"
| /* end confdefs.h.  */
| 
| 
| int
| main ()
| {
| return main ();
|   ;
|   return 0;
| }
configure:20657: result: no
configure:20696: g++ -c -g1 -O0  conftest.cpp >&5
conftest.cpp:28:21: error: unused typedef 'return_type' [-Werror,-Wunused-local-typedef]
        typedef int return_type;
                    ^
1 error generated.
configure:20696: $? = 1
configure: failed program was:
| /* confdefs.h */
| #define PACKAGE_NAME "mesos"
| #define PACKAGE_TARNAME "mesos"
| #define PACKAGE_VERSION "0.28.0"
| #define PACKAGE_STRING "mesos 0.28.0"
| #define PACKAGE_BUGREPORT ""
| #define PACKAGE_URL ""
| #define PACKAGE "mesos"
| #define VERSION "0.28.0"
| #define STDC_HEADERS 1
| #define HAVE_SYS_TYPES_H 1
| #define HAVE_SYS_STAT_H 1
| #define HAVE_STDLIB_H 1
| #define HAVE_STRING_H 1
| #define HAVE_MEMORY_H 1
| #define HAVE_STRINGS_H 1
| #define HAVE_INTTYPES_H 1
| #define HAVE_STDINT_H 1
| #define HAVE_UNISTD_H 1
| #define HAVE_DLFCN_H 1
| #define LT_OBJDIR ".libs/"
| /* end confdefs.h.  */
| 
|       #pragma clang diagnostic error "-Wunused-local-typedef"
| 
|       int foo()
|       {
|         typedef int return_type;
|         return 5;
|       }
| 
configure:20710: Disabling warnings about unused local typedefs
configure:20795: checking whether g++ supports C++11 features by default
configure:20894: g++ -c -g1 -O0 -Wno-unused-local-typedef  conftest.cpp >&5
conftest.cpp:30:34: warning: variadic templates are a C++11 extension [-Wc++11-extensions]
  template <typename T, typename ...Args>
                                 ^
conftest.cpp:36:27: error: a space is required between consecutive right angle brackets (use '> >')
  typedef check<check<bool>> right_angle_brackets;
                          ^~
                          > >
conftest.cpp:43:13: warning: rvalue references are a C++11 extension [-Wc++11-extensions]
  check_type&& cr = static_cast<check_type&&>(c);
            ^
conftest.cpp:43:43: warning: rvalue references are a C++11 extension [-Wc++11-extensions]
  check_type&& cr = static_cast<check_type&&>(c);
                                          ^
conftest.cpp:45:3: warning: 'auto' type specifier is a C++11 extension [-Wc++11-extensions]
  auto d = a;
  ^
conftest.cpp:68:28: error: no matching function for call to 'make_shared'
  std::shared_ptr<int> k = std::make_shared<int>(2);
                           ^~~~~~~~~~~~~~~~~~~~~
/Applications/Xcode.app/Contents/Developer/Toolchains/XcodeDefault.xctoolchain/usr/bin/../include/c++/v1/memory:4700:1: note: candidate function [with _Tp = int, _A0 = int] not viable: expects an l-value for 1st argument
make_shared(_A0& __a0)
^
/Applications/Xcode.app/Contents/Developer/Toolchains/XcodeDefault.xctoolchain/usr/bin/../include/c++/v1/memory:4692:1: note: candidate function template not viable: requires 0 arguments, but 1 was provided
make_shared()
^
/Applications/Xcode.app/Contents/Developer/Toolchains/XcodeDefault.xctoolchain/usr/bin/../include/c++/v1/memory:4708:1: note: candidate function template not viable: requires 2 arguments, but 1 was provided
make_shared(_A0& __a0, _A1& __a1)
^
/Applications/Xcode.app/Contents/Developer/Toolchains/XcodeDefault.xctoolchain/usr/bin/../include/c++/v1/memory:4716:1: note: candidate function template not viable: requires 3 arguments, but 1 was provided
make_shared(_A0& __a0, _A1& __a1, _A2& __a2)
^
conftest.cpp:100:28: error: non-aggregate type 'std::vector<std::string>' cannot be initialized with an initializer list
  std::vector<std::string> g = {"hello", "world"};
                           ^   ~~~~~~~~~~~~~~~~~~
conftest.cpp:104:26: error: no type named 'initializer_list' in namespace 'std'
    InitializerList(std::initializer_list<int>) {}
                    ~~~~~^
conftest.cpp:104:42: error: expected ')'
    InitializerList(std::initializer_list<int>) {}
                                         ^
conftest.cpp:104:20: note: to match this '('
    InitializerList(std::initializer_list<int>) {}
                   ^
conftest.cpp:105:27: error: no type named 'initializer_list' in namespace 'std'
    void doSomething(std::initializer_list<int>) {}
                     ~~~~~^
conftest.cpp:105:43: error: expected ')'
    void doSomething(std::initializer_list<int>) {}
                                          ^
conftest.cpp:105:21: note: to match this '('
    void doSomething(std::initializer_list<int>) {}
                    ^
conftest.cpp:110:23: error: expected ';' at end of declaration
    InitializerList il{1,2,3,4};
                      ^
                      ;
conftest.cpp:111:20: error: expected expression
    il.doSomething({5,6,7,8});
                   ^
4 warnings and 9 errors generated.
configure:20894: $? = 1
configure: failed program was:
| /* confdefs.h */
| #define PACKAGE_NAME "mesos"
| #define PACKAGE_TARNAME "mesos"
| #define PACKAGE_VERSION "0.28.0"
| #define PACKAGE_STRING "mesos 0.28.0"
| #define PACKAGE_BUGREPORT ""
| #define PACKAGE_URL ""
| #define PACKAGE "mesos"
| #define VERSION "0.28.0"
| #define STDC_HEADERS 1
| #define HAVE_SYS_TYPES_H 1
| #define HAVE_SYS_STAT_H 1
| #define HAVE_STDLIB_H 1
| #define HAVE_STRING_H 1
| #define HAVE_MEMORY_H 1
| #define HAVE_STRINGS_H 1
| #define HAVE_INTTYPES_H 1
| #define HAVE_STDINT_H 1
| #define HAVE_UNISTD_H 1
| #define HAVE_DLFCN_H 1
| #define LT_OBJDIR ".libs/"
| /* end confdefs.h.  */
| 
|   #include <initializer_list>
|   #include <memory>
|   #include <mutex>
|   #include <string>
|   #include <vector>
| 
|   template <typename T, typename ...Args>
|     struct check
|     {
|       static_assert(sizeof(int) <= sizeof(T), "not big enough");
|     };
| 
|   typedef check<check<bool>> right_angle_brackets;
| 
|   int a;
|   decltype(a) b;
| 
|   typedef check<int> check_type;
|   check_type c;
|   check_type&& cr = static_cast<check_type&&>(c);
| 
|   auto d = a;
| 
|   struct Foo
|   {
|     void bar() const {}
|   };
| 
|   void f(const Foo& foo) { foo.bar(); }
| 
|   void baz() {
|     std::unique_ptr<Foo> p1(new Foo);  // p1 owns Foo.
|     p1->bar();
| 
|     {
|       std::unique_ptr<Foo> p2(std::move(p1));  // Now p2 owns Foo.
|       f(*p2);
| 
|       p1 = std::move(p2);  // Ownership returns to p1.
|     }
| 
|     p1->bar();
|   }
| 
|   std::shared_ptr<int> k = std::make_shared<int>(2);
| 
|   void mutexTest()
|   {
|     std::mutex _mutex;
|     {
|       // scope of lockGuard.
|       std::lock_guard<std::mutex> lockGuard(_mutex);
|       // end scope of lockGuard.
|     }
| 
|     {
|       // scope of uniqueLock.
|       std::unique_lock<std::mutex> uniqueLock(_mutex);
|       // end scope of uniqueLock.
|     }
|   }
| 
|   // check for std::enable_shared_from_this.
|   struct SharedStruct : public std::enable_shared_from_this<SharedStruct>
|   {
|     std::shared_ptr<SharedStruct> get()
|     {
|       return shared_from_this();
|     }
|   };
| 
|   // construct a new shared_ptr using shared_from_this().
|   std::shared_ptr<SharedStruct> object =
|     std::shared_ptr<SharedStruct>(new SharedStruct())->get();
| 
|   // initializer lists.
|   std::vector<std::string> g = {"hello", "world"};
| 
|   struct InitializerList
|   {
|     InitializerList(std::initializer_list<int>) {}
|     void doSomething(std::initializer_list<int>) {}
|   };
| 
|   void initializerListClassTest()
|   {
|     InitializerList il{1,2,3,4};
|     il.doSomething({5,6,7,8});
|   }
| 
configure:20901: result: no
configure:20913: checking whether g++ supports C++11 features with -std=c++11
configure:21014: g++ -c -g1 -O0 -Wno-unused-local-typedef -std=c++11  conftest.cpp >&5
configure:21014: $? = 0
configure:21023: result: yes
configure:21082: g++ -c -g1 -O0 -Wno-unused-local-typedef -std=c++11  conftest.cpp >&5
configure:21082: $? = 0
configure:21252: checking if compiler needs -Werror to reject unknown flags
configure:21268: gcc -c -g1 -O0 -Werror -Wunknown-warning-option -Wsizeof-array-argument  conftest.c >&5
configure:21268: $? = 0
configure:21269: result: yes
configure:21289: checking whether pthreads work with -pthread
configure:21377: gcc -o conftest -g1 -O0 -pthread -Werror   conftest.c   >&5
configure:21377: $? = 0
configure:21386: result: yes
configure:21405: checking for joinable pthread attribute
configure:21420: gcc -o conftest -g1 -O0 -pthread   conftest.c   >&5
configure:21420: $? = 0
configure:21426: result: PTHREAD_CREATE_JOINABLE
configure:21436: checking if more special flags are required for pthreads
configure:21451: result: -D_THREAD_SAFE
configure:21457: checking for PTHREAD_PRIO_INHERIT
configure:21474: gcc -o conftest -g1 -O0 -pthread   conftest.c   >&5
configure:21474: $? = 0
configure:21483: result: yes
configure:21627: checking for backtrace in -lunwind
configure:21652: g++ -o conftest -g1 -O0 -Wno-unused-local-typedef -std=c++11 -stdlib=libc++ -DGTEST_USE_OWN_TR1_TUPLE=1 -DGTEST_LANG_CXX11   conftest.cpp -lunwind   >&5
ld: library not found for -lunwind
clang: error: linker command failed with exit code 1 (use -v to see invocation)
configure:21652: $? = 1
configure: failed program was:
| /* confdefs.h */
| #define PACKAGE_NAME "mesos"
| #define PACKAGE_TARNAME "mesos"
| #define PACKAGE_VERSION "0.28.0"
| #define PACKAGE_STRING "mesos 0.28.0"
| #define PACKAGE_BUGREPORT ""
| #define PACKAGE_URL ""
| #define PACKAGE "mesos"
| #define VERSION "0.28.0"
| #define STDC_HEADERS 1
| #define HAVE_SYS_TYPES_H 1
| #define HAVE_SYS_STAT_H 1
| #define HAVE_STDLIB_H 1
| #define HAVE_STRING_H 1
| #define HAVE_MEMORY_H 1
| #define HAVE_STRINGS_H 1
| #define HAVE_INTTYPES_H 1
| #define HAVE_STDINT_H 1
| #define HAVE_UNISTD_H 1
| #define HAVE_DLFCN_H 1
| #define LT_OBJDIR ".libs/"
| #define HAVE_PTHREAD_PRIO_INHERIT 1
| #define HAVE_PTHREAD 1
| /* end confdefs.h.  */
| 
| /* Override any GCC internal prototype to avoid an error.
|    Use char because int might match the return type of a GCC
|    builtin and then its argument prototype would still apply.  */
| #ifdef __cplusplus
| extern "C"
| #endif
| char backtrace ();
| int
| main ()
| {
| return backtrace ();
|   ;
|   return 0;
| }
configure:21661: result: no
configure:21721: checking for patch
configure:21737: found /usr/bin/patch
configure:21748: result: patch
configure:21775: checking for gzread in -lz
configure:21800: g++ -o conftest -g1 -O0 -Wno-unused-local-typedef -std=c++11 -stdlib=libc++ -DGTEST_USE_OWN_TR1_TUPLE=1 -DGTEST_LANG_CXX11   conftest.cpp -lz   >&5
configure:21800: $? = 0
configure:21809: result: yes
configure:21836: checking for curl_global_init in -lcurl
configure:21861: g++ -o conftest -g1 -O0 -Wno-unused-local-typedef -std=c++11 -stdlib=libc++ -DGTEST_USE_OWN_TR1_TUPLE=1 -DGTEST_LANG_CXX11   conftest.cpp -lcurl  -lz  >&5
configure:21861: $? = 0
configure:21870: result: yes
configure:21902: checking apr_pools.h usability
configure:21902: g++ -c -g1 -O0 -Wno-unused-local-typedef -std=c++11 -stdlib=libc++ -DGTEST_USE_OWN_TR1_TUPLE=1 -DGTEST_LANG_CXX11 -I/usr/include/apr-1 -I/usr/include/apr-1.0  conftest.cpp >&5
conftest.cpp:60:10: fatal error: 'apr_pools.h' file not found
#include <apr_pools.h>
         ^
1 error generated.
configure:21902: $? = 1
configure: failed program was:
| /* confdefs.h */
| #define PACKAGE_NAME "mesos"
| #define PACKAGE_TARNAME "mesos"
| #define PACKAGE_VERSION "0.28.0"
| #define PACKAGE_STRING "mesos 0.28.0"
| #define PACKAGE_BUGREPORT ""
| #define PACKAGE_URL ""
| #define PACKAGE "mesos"
| #define VERSION "0.28.0"
| #define STDC_HEADERS 1
| #define HAVE_SYS_TYPES_H 1
| #define HAVE_SYS_STAT_H 1
| #define HAVE_STDLIB_H 1
| #define HAVE_STRING_H 1
| #define HAVE_MEMORY_H 1
| #define HAVE_STRINGS_H 1
| #define HAVE_INTTYPES_H 1
| #define HAVE_STDINT_H 1
| #define HAVE_UNISTD_H 1
| #define HAVE_DLFCN_H 1
| #define LT_OBJDIR ".libs/"
| #define HAVE_PTHREAD_PRIO_INHERIT 1
| #define HAVE_PTHREAD 1
| #define HAVE_LIBZ 1
| #define HAVE_LIBCURL 1
| /* end confdefs.h.  */
| #include <stdio.h>
| #ifdef HAVE_SYS_TYPES_H
| # include <sys/types.h>
| #endif
| #ifdef HAVE_SYS_STAT_H
| # include <sys/stat.h>
| #endif
| #ifdef STDC_HEADERS
| # include <stdlib.h>
| # include <stddef.h>
| #else
| # ifdef HAVE_STDLIB_H
| #  include <stdlib.h>
| # endif
| #endif
| #ifdef HAVE_STRING_H
| # if !defined STDC_HEADERS && defined HAVE_MEMORY_H
| #  include <memory.h>
| # endif
| # include <string.h>
| #endif
| #ifdef HAVE_STRINGS_H
| # include <strings.h>
| #endif
| #ifdef HAVE_INTTYPES_H
| # include <inttypes.h>
| #endif
| #ifdef HAVE_STDINT_H
| # include <stdint.h>
| #endif
| #ifdef HAVE_UNISTD_H
| # include <unistd.h>
| #endif
| #include <apr_pools.h>
configure:21902: result: no
configure:21902: checking apr_pools.h presence
configure:21902: g++ -E -I/usr/include/apr-1 -I/usr/include/apr-1.0  conftest.cpp
conftest.cpp:27:10: fatal error: 'apr_pools.h' file not found
#include <apr_pools.h>
         ^
1 error generated.
configure:21902: $? = 1
configure: failed program was:
| /* confdefs.h */
| #define PACKAGE_NAME "mesos"
| #define PACKAGE_TARNAME "mesos"
| #define PACKAGE_VERSION "0.28.0"
| #define PACKAGE_STRING "mesos 0.28.0"
| #define PACKAGE_BUGREPORT ""
| #define PACKAGE_URL ""
| #define PACKAGE "mesos"
| #define VERSION "0.28.0"
| #define STDC_HEADERS 1
| #define HAVE_SYS_TYPES_H 1
| #define HAVE_SYS_STAT_H 1
| #define HAVE_STDLIB_H 1
| #define HAVE_STRING_H 1
| #define HAVE_MEMORY_H 1
| #define HAVE_STRINGS_H 1
| #define HAVE_INTTYPES_H 1
| #define HAVE_STDINT_H 1
| #define HAVE_UNISTD_H 1
| #define HAVE_DLFCN_H 1
| #define LT_OBJDIR ".libs/"
| #define HAVE_PTHREAD_PRIO_INHERIT 1
| #define HAVE_PTHREAD 1
| #define HAVE_LIBZ 1
| #define HAVE_LIBCURL 1
| /* end confdefs.h.  */
| #include <apr_pools.h>
configure:21902: result: no
configure:21902: checking for apr_pools.h
configure:21902: result: no
configure:21959: error: cannot find libapr-1 headers
-------------------------------------------------------------------
libapr-1 is required for mesos to build.
-------------------------------------------------------------------


## ---------------- ##
## Cache variables. ##
## ---------------- ##

ac_cv_build=x86_64-apple-darwin14.5.0
ac_cv_c_compiler_gnu=yes
ac_cv_cxx_compiler_gnu=yes
ac_cv_env_CCC_set=
ac_cv_env_CCC_value=
ac_cv_env_CC_set=
ac_cv_env_CC_value=
ac_cv_env_CFLAGS_set=
ac_cv_env_CFLAGS_value=
ac_cv_env_CPPFLAGS_set=
ac_cv_env_CPPFLAGS_value=
ac_cv_env_CPP_set=
ac_cv_env_CPP_value=
ac_cv_env_CXXCPP_set=
ac_cv_env_CXXCPP_value=
ac_cv_env_CXXFLAGS_set=
ac_cv_env_CXXFLAGS_value=
ac_cv_env_CXX_set=
ac_cv_env_CXX_value=
ac_cv_env_JAVA_CPPFLAGS_set=
ac_cv_env_JAVA_CPPFLAGS_value=
ac_cv_env_JAVA_HOME_set=
ac_cv_env_JAVA_HOME_value=
ac_cv_env_JAVA_JVM_LIBRARY_set=
ac_cv_env_JAVA_JVM_LIBRARY_value=
ac_cv_env_LDFLAGS_set=
ac_cv_env_LDFLAGS_value=
ac_cv_env_LIBS_set=
ac_cv_env_LIBS_value=
ac_cv_env_LT_SYS_LIBRARY_PATH_set=
ac_cv_env_LT_SYS_LIBRARY_PATH_value=
ac_cv_env_MAVEN_HOME_set=
ac_cv_env_MAVEN_HOME_value=
ac_cv_env_PROTOBUF_JAR_set=
ac_cv_env_PROTOBUF_JAR_value=
ac_cv_env_PYTHON_VERSION_set=
ac_cv_env_PYTHON_VERSION_value=
ac_cv_env_PYTHON_set=
ac_cv_env_PYTHON_value=
ac_cv_env_build_alias_set=
ac_cv_env_build_alias_value=
ac_cv_env_host_alias_set=
ac_cv_env_host_alias_value=
ac_cv_env_target_alias_set=
ac_cv_env_target_alias_value=
ac_cv_header_apr_pools_h=no
ac_cv_header_dlfcn_h=yes
ac_cv_header_inttypes_h=yes
ac_cv_header_memory_h=yes
ac_cv_header_stdc=yes
ac_cv_header_stdint_h=yes
ac_cv_header_stdlib_h=yes
ac_cv_header_string_h=yes
ac_cv_header_strings_h=yes
ac_cv_header_sys_stat_h=yes
ac_cv_header_sys_types_h=yes
ac_cv_header_unistd_h=yes
ac_cv_host=x86_64-apple-darwin14.5.0
ac_cv_lib_curl_curl_global_init=yes
ac_cv_lib_gflags_main=no
ac_cv_lib_unwind_backtrace=no
ac_cv_lib_z_gzread=yes
ac_cv_objext=o
ac_cv_path_EGREP='/usr/bin/grep -E'
ac_cv_path_FGREP='/usr/bin/grep -F'
ac_cv_path_GREP=/usr/bin/grep
ac_cv_path_SED=/usr/bin/sed
ac_cv_path_install='/usr/bin/install -c'
ac_cv_path_lt_DD=/bin/dd
ac_cv_prog_AWK=awk
ac_cv_prog_CPP='gcc -E'
ac_cv_prog_CXXCPP='g++ -E'
ac_cv_prog_ac_ct_AR=ar
ac_cv_prog_ac_ct_CC=gcc
ac_cv_prog_ac_ct_CXX=g++
ac_cv_prog_ac_ct_DSYMUTIL=dsymutil
ac_cv_prog_ac_ct_LIPO=lipo
ac_cv_prog_ac_ct_NMEDIT=nmedit
ac_cv_prog_ac_ct_OTOOL=otool
ac_cv_prog_ac_ct_PATCHCOMMAND_TEST=patch
ac_cv_prog_ac_ct_RANLIB=ranlib
ac_cv_prog_ac_ct_STRIP=strip
ac_cv_prog_cc_c89=
ac_cv_prog_cc_g=yes
ac_cv_prog_cxx_g=yes
ac_cv_prog_make_make_set=yes
ac_cv_target=x86_64-apple-darwin14.5.0
am_cv_CC_dependencies_compiler_type=gcc3
am_cv_CXX_dependencies_compiler_type=gcc3
am_cv_ar_interface=ar
am_cv_make_support_nested_variables=yes
am_cv_prog_cc_c_o=yes
ax_cv_PTHREAD_PRIO_INHERIT=yes
ax_cv_cxx_compile_cxx11=no
ax_cv_cxx_compile_cxx11__std_cpp11=yes
ax_cv_cxx_compiler_vendor=clang
ax_cv_cxx_compiler_version=7.0.2
lt_cv_apple_cc_single_mod=yes
lt_cv_ar_at_file=no
lt_cv_deplibs_check_method=pass_all
lt_cv_file_magic_cmd='$MAGIC_CMD'
lt_cv_file_magic_test_file=
lt_cv_ld_exported_symbols_list=yes
lt_cv_ld_force_load=yes
lt_cv_ld_reload_flag=-r
lt_cv_nm_interface='BSD nm'
lt_cv_objdir=.libs
lt_cv_path_LD=/Applications/Xcode.app/Contents/Developer/Toolchains/XcodeDefault.xctoolchain/usr/bin/ld
lt_cv_path_LDCXX=/Applications/Xcode.app/Contents/Developer/Toolchains/XcodeDefault.xctoolchain/usr/bin/ld
lt_cv_path_NM=/usr/bin/nm
lt_cv_path_mainfest_tool=no
lt_cv_prog_compiler_c_o=yes
lt_cv_prog_compiler_c_o_CXX=yes
lt_cv_prog_compiler_pic='-fno-common -DPIC'
lt_cv_prog_compiler_pic_CXX='-fno-common -DPIC'
lt_cv_prog_compiler_pic_works=yes
lt_cv_prog_compiler_pic_works_CXX=yes
lt_cv_prog_compiler_rtti_exceptions=yes
lt_cv_prog_compiler_static_works=no
lt_cv_prog_compiler_static_works_CXX=no
lt_cv_prog_gnu_ld=no
lt_cv_prog_gnu_ldcxx=no
lt_cv_sharedlib_from_linklib_cmd='printf %s\n'
lt_cv_sys_global_symbol_pipe='sed -n -e '\''s/^.*[	 ]\([BCDEGRST][BCDEGRST]*\)[	 ][	 ]*_\([_A-Za-z][_A-Za-z0-9]*\)$/\1 _\2 \2/p'\'' | sed '\''/ __gnu_lto/d'\'''
lt_cv_sys_global_symbol_to_c_name_address='sed -n -e '\''s/^: \(.*\) .*$/  {"\1", (void *) 0},/p'\'' -e '\''s/^[BCDEGRST][BCDEGRST]* .* \(.*\)$/  {"\1", (void *) \&\1},/p'\'''
lt_cv_sys_global_symbol_to_c_name_address_lib_prefix='sed -n -e '\''s/^: \(.*\) .*$/  {"\1", (void *) 0},/p'\'' -e '\''s/^[BCDEGRST][BCDEGRST]* .* \(lib.*\)$/  {"\1", (void *) \&\1},/p'\'' -e '\''s/^[BCDEGRST][BCDEGRST]* .* \(.*\)$/  {"lib\1", (void *) \&\1},/p'\'''
lt_cv_sys_global_symbol_to_cdecl='sed -n -e '\''s/^T .* \(.*\)$/extern int \1();/p'\'' -e '\''s/^[BCDEGRST][BCDEGRST]* .* \(.*\)$/extern char \1;/p'\'''
lt_cv_sys_global_symbol_to_import=
lt_cv_sys_max_cmd_len=196608
lt_cv_to_host_file_cmd=func_convert_file_noop
lt_cv_to_tool_file_cmd=func_convert_file_noop
lt_cv_truncate_bin='/bin/dd bs=4096 count=1'

## ----------------- ##
## Output variables. ##
## ----------------- ##

ACLOCAL='${SHELL} /Users/gokrokve/work/intel/mesos-openstack/mesos/missing aclocal-1.15'
AMDEPBACKSLASH='\'
AMDEP_FALSE='#'
AMDEP_TRUE=''
AMTAR='$${TAR-tar}'
AM_BACKSLASH='\'
AM_DEFAULT_V='$(AM_DEFAULT_VERBOSITY)'
AM_DEFAULT_VERBOSITY='1'
AM_V='$(V)'
AR='ar'
AUTOCONF='${SHELL} /Users/gokrokve/work/intel/mesos-openstack/mesos/missing autoconf'
AUTOHEADER='${SHELL} /Users/gokrokve/work/intel/mesos-openstack/mesos/missing autoheader'
AUTOMAKE='${SHELL} /Users/gokrokve/work/intel/mesos-openstack/mesos/missing automake-1.15'
AWK='awk'
CC='gcc'
CCDEPMODE='depmode=gcc3'
CFLAGS='-g1 -O0'
CONFIGURE_ARGS=' CXXFLAGS='\''-g1 -O0 -Wno-unused-local-typedef -std=c++11 -stdlib=libc++ -DGTEST_USE_OWN_TR1_TUPLE=1 -DGTEST_LANG_CXX11'\'''
CPP='gcc -E'
CPPFLAGS='-I/usr/include/apr-1 -I/usr/include/apr-1.0 '
CXX='g++'
CXXCPP='g++ -E'
CXXDEPMODE='depmode=gcc3'
CXXFLAGS='-g1 -O0 -Wno-unused-local-typedef -std=c++11 -stdlib=libc++ -DGTEST_USE_OWN_TR1_TUPLE=1 -DGTEST_LANG_CXX11'
CYGPATH_W='echo'
DEBUG_FALSE=''
DEBUG_TRUE='#'
DEFS=''
DEPDIR='.deps'
DLLTOOL='false'
DSYMUTIL='dsymutil'
DUMPBIN=''
ECHO_C='\c'
ECHO_N=''
ECHO_T=''
EGREP='/usr/bin/grep -E'
ENABLE_LIBEVENT_FALSE=''
ENABLE_LIBEVENT_TRUE=''
ENABLE_SSL_FALSE=''
ENABLE_SSL_TRUE=''
EXEEXT=''
FGREP='/usr/bin/grep -F'
GIT_REPO_FALSE=''
GIT_REPO_TRUE=''
GREP='/usr/bin/grep'
HAS_JAVA_FALSE=''
HAS_JAVA_TRUE=''
HAS_PYTHON_FALSE=''
HAS_PYTHON_TRUE=''
HAVE_CXX11=''
INSTALL_DATA='${INSTALL} -m 644'
INSTALL_PROGRAM='${INSTALL}'
INSTALL_SCRIPT='${INSTALL}'
INSTALL_STRIP_PROGRAM='$(install_sh) -c -s'
INSTALL_TESTS_FALSE=''
INSTALL_TESTS_TRUE='#'
JAVA=''
JAVAC=''
JAVA_CPPFLAGS=''
JAVA_HOME=''
JAVA_JVM_LIBRARY=''
LD='/Applications/Xcode.app/Contents/Developer/Toolchains/XcodeDefault.xctoolchain/usr/bin/ld'
LDFLAGS=''
LIBOBJS=''
LIBS='-lcurl -lz '
LIBTOOL='$(SHELL) $(top_builddir)/libtool'
LIPO='lipo'
LN_S='ln -s'
LTLIBOBJS=''
LT_SYS_LIBRARY_PATH=''
MAINT=''
MAINTAINER_MODE_FALSE='#'
MAINTAINER_MODE_TRUE=''
MAKEINFO='${SHELL} /Users/gokrokve/work/intel/mesos-openstack/mesos/missing makeinfo'
MANIFEST_TOOL=':'
MAVEN_HOME=''
MESOS_MAJOR_VERSION=''
MESOS_MINOR_VERSION=''
MESOS_PATCH_VERSION=''
MKDIR_P='./install-sh -c -d'
MVN=''
NM='/usr/bin/nm'
NMEDIT='nmedit'
OBJDUMP='false'
OBJEXT='o'
OPTIMIZE_FALSE=''
OPTIMIZE_TRUE='#'
OS_FREEBSD_FALSE=''
OS_FREEBSD_TRUE='#'
OS_LINUX_FALSE=''
OS_LINUX_TRUE='#'
OTOOL64=':'
OTOOL='otool'
PACKAGE='mesos'
PACKAGE_BUGREPORT=''
PACKAGE_NAME='mesos'
PACKAGE_STRING='mesos 0.28.0'
PACKAGE_TARNAME='mesos'
PACKAGE_URL=''
PACKAGE_VERSION='0.28.0'
PATCHCOMMAND_TEST='patch'
PATH_SEPARATOR=':'
PROTOBUF_JAR=''
PROTOCOMPILER=''
PROTOCOMPILER_TEST=''
PTHREAD_CC='gcc'
PTHREAD_CFLAGS='-D_THREAD_SAFE -pthread'
PTHREAD_LIBS=''
PYTHON=''
PYTHON_CFLAGS=''
PYTHON_CPPFLAGS=''
PYTHON_EGG_POSTFIX=''
PYTHON_EGG_PUREPY_POSTFIX=''
PYTHON_EXEC_PREFIX=''
PYTHON_EXTRA_LDFLAGS=''
PYTHON_EXTRA_LIBS=''
PYTHON_LDFLAGS=''
PYTHON_PLATFORM=''
PYTHON_PREFIX=''
PYTHON_SITE_PKG=''
PYTHON_VERSION=''
PYTHON_WHL_POSTFIX=''
PYTHON_WHL_PUREPY_POSTFIX=''
RANLIB='ranlib'
SED='/usr/bin/sed'
SET_MAKE=''
SHELL='/bin/sh'
STRIP='strip'
VERSION='0.28.0'
WITHOUT_PYTHON_DEPS_FALSE=''
WITHOUT_PYTHON_DEPS_TRUE=''
WITH_BUNDLED_DISTRIBUTE_FALSE=''
WITH_BUNDLED_DISTRIBUTE_TRUE=''
WITH_BUNDLED_GLOG_FALSE='#'
WITH_BUNDLED_GLOG_TRUE=''
WITH_BUNDLED_LEVELDB_FALSE='#'
WITH_BUNDLED_LEVELDB_TRUE=''
WITH_BUNDLED_PIP_FALSE=''
WITH_BUNDLED_PIP_TRUE=''
WITH_BUNDLED_PROTOBUF_FALSE=''
WITH_BUNDLED_PROTOBUF_TRUE=''
WITH_BUNDLED_WHEEL_FALSE=''
WITH_BUNDLED_WHEEL_TRUE=''
WITH_BUNDLED_ZOOKEEPER_FALSE='#'
WITH_BUNDLED_ZOOKEEPER_TRUE=''
WITH_NETWORK_ISOLATOR_FALSE=''
WITH_NETWORK_ISOLATOR_TRUE=''
ac_ct_AR='ar'
ac_ct_CC='gcc'
ac_ct_CXX='g++'
ac_ct_DUMPBIN=''
am__EXEEXT_FALSE=''
am__EXEEXT_TRUE=''
am__fastdepCC_FALSE='#'
am__fastdepCC_TRUE=''
am__fastdepCXX_FALSE='#'
am__fastdepCXX_TRUE=''
am__include='include'
am__isrc=''
am__leading_dot='.'
am__nodep='_no'
am__quote=''
am__tar='$${TAR-tar} chof - "$$tardir"'
am__untar='$${TAR-tar} xf -'
ax_pthread_config=''
bindir='${exec_prefix}/bin'
build='x86_64-apple-darwin14.5.0'
build_alias=''
build_cpu='x86_64'
build_os='darwin14.5.0'
build_vendor='apple'
datadir='${datarootdir}'
datarootdir='${prefix}/share'
docdir='${datarootdir}/doc/${PACKAGE_TARNAME}'
dvidir='${docdir}'
exec_prefix='NONE'
host='x86_64-apple-darwin14.5.0'
host_alias=''
host_cpu='x86_64'
host_os='darwin14.5.0'
host_vendor='apple'
htmldir='${docdir}'
includedir='${prefix}/include'
infodir='${datarootdir}/info'
install_sh='${SHELL} /Users/gokrokve/work/intel/mesos-openstack/mesos/install-sh'
libdir='${exec_prefix}/lib'
libexecdir='${exec_prefix}/libexec'
localedir='${datarootdir}/locale'
localstatedir='${prefix}/var'
mandir='${datarootdir}/man'
mkdir_p='$(MKDIR_P)'
oldincludedir='/usr/include'
pdfdir='${docdir}'
pkgpyexecdir=''
pkgpythondir=''
prefix='NONE'
program_transform_name='s,x,x,'
psdir='${docdir}'
pyexecdir=''
pythondir=''
sbindir='${exec_prefix}/sbin'
sharedstatedir='${prefix}/com'
subdirs=' 3rdparty/libprocess'
sysconfdir='${prefix}/etc'
target='x86_64-apple-darwin14.5.0'
target_alias=''
target_cpu='x86_64'
target_os='darwin14.5.0'
target_vendor='apple'

## ----------- ##
## confdefs.h. ##
## ----------- ##

/* confdefs.h */
#define PACKAGE_NAME "mesos"
#define PACKAGE_TARNAME "mesos"
#define PACKAGE_VERSION "0.28.0"
#define PACKAGE_STRING "mesos 0.28.0"
#define PACKAGE_BUGREPORT ""
#define PACKAGE_URL ""
#define PACKAGE "mesos"
#define VERSION "0.28.0"
#define STDC_HEADERS 1
#define HAVE_SYS_TYPES_H 1
#define HAVE_SYS_STAT_H 1
#define HAVE_STDLIB_H 1
#define HAVE_STRING_H 1
#define HAVE_MEMORY_H 1
#define HAVE_STRINGS_H 1
#define HAVE_INTTYPES_H 1
#define HAVE_STDINT_H 1
#define HAVE_UNISTD_H 1
#define HAVE_DLFCN_H 1
#define LT_OBJDIR ".libs/"
#define HAVE_PTHREAD_PRIO_INHERIT 1
#define HAVE_PTHREAD 1
#define HAVE_LIBZ 1
#define HAVE_LIBCURL 1

configure: exit 1
